<?xml version="1.0" encoding="UTF-8"?>
<!-- Generated by org.testng.reporters.JUnitReportReporter -->
<testsuite skipped="0" hostname="LAPTOP-OJ95ICP5" name="com.reporting.allure.Allure_Testng.NewTest" tests="1" failures="0" timestamp="30 Jun 2020 15:29:37 GMT" time="7.430" errors="0">
  <testcase name="webShopLogin" time="7.430" classname="com.reporting.allure.Allure_Testng.NewTest"/>
</testsuite> <!-- com.reporting.allure.Allure_Testng.NewTest -->
