<?xml version="1.0" encoding="UTF-8"?>
<!-- Generated by org.testng.reporters.JUnitReportReporter -->
<testsuite skipped="0" hostname="LAPTOP-OJ95ICP5" name="com.reporting.allure.Allure_Testng.NewTest" tests="1" failures="0" timestamp="30 Jan 2021 06:43:41 GMT" time="7.330" errors="0">
  <testcase name="webShopLogin" time="7.330" classname="com.reporting.allure.Allure_Testng.NewTest"/>
</testsuite> <!-- com.reporting.allure.Allure_Testng.NewTest -->
